<?xml version="1.0" encoding="UTF-8"?>
<testsuite name="GooseGameShould" tests="6" skipped="0" failures="0" errors="0" timestamp="2022-08-19T02:11:46" hostname="DESKTOP-BQ618PG" time="0.005">
  <properties/>
  <testcase name="printSpace1Should[node]" classname="GooseGameShould" time="0.001"/>
  <testcase name="printSpace2Should[node]" classname="GooseGameShould" time="0.0"/>
  <testcase name="printMultipleOfSixShould[node]" classname="GooseGameShould" time="0.001"/>
  <testcase name="printAnotherMultipleOfSixShould[node]" classname="GooseGameShould" time="0.0"/>
  <testcase name="printNumberSixShould[node]" classname="GooseGameShould" time="0.0"/>
  <testcase name="wrongSpaceBoardShould[node]" classname="GooseGameShould" time="0.001"/>
  <system-out><![CDATA[]]></system-out>
  <system-err><![CDATA[]]></system-err>
</testsuite>
